SF:summem
DA:20,1
DA:22,1
DA:23,1
DA:24,1
DA:25,1
DA:26,1
DA:27,1
DA:28,1
DA:29,1
DA:30,1
DA:31,1
DA:32,1
DA:33,1
DA:34,1
DA:37,1
DA:38,1
DA:39,1
DA:40,1
DA:41,0
DA:42,1
DA:43,1
DA:44,0
DA:45,0
DA:48,1
DA:51,1
DA:53,0
DA:56,1
DA:58,0
DA:61,1
DA:63,0
DA:64,0
DA:67,1
DA:68,1
DA:71,1
DA:72,1
DA:75,1
DA:76,1
DA:79,1
DA:82,1
DA:83,1
DA:86,1
DA:87,1
DA:88,1
DA:91,1
DA:92,1
DA:95,1
DA:96,1
DA:97,1
DA:98,1
DA:99,1
DA:100,1
DA:101,1
DA:102,1
DA:103,1
DA:106,1
DA:107,1
DA:110,1
DA:111,1
DA:112,1
DA:113,1
DA:114,1
DA:115,1
DA:116,1
DA:117,1
DA:120,1
DA:121,0
DA:122,0
DA:123,0
DA:124,0
DA:126,0
DA:129,0
DA:132,1
DA:134,0
DA:135,0
DA:138,1
DA:139,0
DA:140,0
DA:141,0
DA:142,0
DA:143,0
DA:144,0
DA:145,0
DA:149,0
DA:150,0
DA:153,1
DA:164,1
DA:166,0
DA:169,1
DA:170,1
DA:171,1
DA:172,1
DA:173,1
DA:174,1
DA:176,1
DA:183,1
DA:185,0
DA:186,0
DA:187,0
DA:190,1
DA:195,0
DA:196,0
DA:197,0
DA:198,0
DA:199,0
DA:202,1
DA:204,0
DA:207,1
DA:215,0
DA:216,0
DA:217,0
DA:218,0
DA:219,0
DA:220,0
DA:221,0
DA:222,0
DA:223,0
DA:224,0
DA:225,0
DA:226,0
DA:227,0
DA:228,0
DA:231,1
DA:233,0
DA:234,0
DA:235,0
DA:236,0
DA:237,0
DA:238,0
DA:239,0
DA:242,1
DA:244,0
DA:245,0
DA:246,0
DA:247,0
DA:248,0
DA:249,0
DA:250,0
DA:251,0
DA:252,0
DA:253,0
DA:254,0
DA:255,0
DA:258,1
DA:259,0
DA:260,0
DA:265,0
DA:268,1
DA:270,0
DA:271,0
DA:272,0
DA:273,0
DA:274,0
DA:275,0
DA:276,0
DA:277,0
DA:278,0
DA:279,0
DA:280,0
DA:281,0
DA:282,0
DA:283,0
DA:284,0
DA:285,0
DA:286,0
DA:287,0
DA:288,0
DA:289,0
DA:290,0
DA:291,0
DA:292,0
DA:293,0
DA:296,1
DA:298,0
DA:299,0
DA:300,0
DA:301,0
DA:302,0
DA:303,0
DA:304,0
DA:305,0
DA:311,1
DA:312,0
DA:313,0
DA:314,0
DA:317,1
DA:319,0
DA:322,1
DA:323,0
DA:324,0
DA:325,0
DA:326,0
DA:327,0
DA:328,0
DA:329,0
DA:330,0
DA:331,0
DA:334,1
DA:335,0
DA:336,0
DA:337,0
DA:338,0
DA:339,0
DA:340,0
DA:341,0
DA:342,0
DA:343,0
DA:344,0
DA:345,0
DA:348,1
DA:350,0
DA:351,0
DA:352,0
DA:353,0
DA:354,0
DA:355,0
DA:356,0
DA:357,0
DA:358,0
DA:359,0
DA:360,0
DA:361,0
DA:362,0
DA:363,0
DA:364,0
DA:375,0
DA:376,0
DA:377,0
DA:378,0
DA:379,0
DA:380,0
DA:381,0
DA:382,0
DA:383,0
DA:384,0
DA:385,0
DA:386,0
DA:387,0
DA:388,0
DA:389,0
DA:390,0
DA:403,0
DA:404,0
DA:407,1
DA:408,0
DA:409,0
DA:412,1
DA:413,0
DA:414,0
DA:415,0
DA:416,0
DA:418,0
DA:419,0
DA:422,1
DA:423,0
DA:424,0
DA:425,0
DA:427,0
DA:430,1
DA:432,0
DA:433,0
DA:434,0
DA:435,0
DA:436,0
DA:437,0
DA:438,0
DA:439,0
DA:440,0
DA:441,0
DA:442,0
DA:445,1
DA:447,0
DA:448,0
DA:449,0
DA:452,1
DA:454,0
DA:455,0
DA:456,0
DA:457,0
DA:458,0
DA:459,0
DA:460,0
DA:461,0
DA:462,0
DA:463,0
DA:464,0
DA:465,0
DA:466,0
DA:467,0
DA:468,0
DA:471,1
DA:474,0
DA:475,0
DA:476,0
DA:477,0
DA:478,0
DA:479,0
DA:480,0
DA:481,0
DA:482,0
DA:483,0
DA:484,0
DA:485,0
DA:486,0
DA:487,0
DA:488,0
DA:491,1
DA:493,0
DA:494,0
DA:495,0
DA:496,0
DA:497,0
DA:498,0
DA:499,0
DA:500,0
DA:501,0
DA:502,0
DA:503,0
DA:504,0
DA:505,0
DA:506,0
DA:507,0
DA:510,1
DA:512,0
DA:513,0
DA:514,0
DA:515,0
DA:516,0
DA:518,0
DA:521,1
DA:522,0
DA:523,0
DA:524,0
DA:525,0
DA:526,0
DA:527,0
DA:528,0
DA:529,0
DA:530,0
DA:531,0
DA:534,1
DA:535,0
DA:536,0
DA:537,0
DA:538,0
DA:539,0
DA:540,0
DA:541,0
DA:544,1
DA:545,0
DA:546,0
DA:547,0
DA:548,0
DA:549,0
DA:550,0
DA:551,0
DA:552,0
DA:553,0
DA:554,0
DA:555,0
DA:556,0
DA:559,1
DA:561,0
DA:562,0
DA:563,0
DA:564,0
DA:565,0
DA:566,0
DA:567,0
DA:568,0
DA:569,0
DA:570,0
DA:571,0
DA:572,0
DA:573,0
DA:574,0
DA:575,0
DA:576,0
DA:577,0
DA:578,0
DA:579,0
DA:580,0
DA:583,1
DA:584,0
DA:585,0
DA:588,1
DA:589,0
DA:590,0
DA:591,0
DA:592,0
DA:593,0
DA:594,0
DA:596,0
DA:597,0
DA:598,0
DA:599,0
DA:602,1
DA:603,0
DA:604,0
DA:605,0
DA:606,0
DA:607,0
DA:608,0
DA:609,0
DA:610,0
DA:611,0
DA:612,0
DA:613,0
DA:616,1
DA:618,0
DA:621,1
DA:623,0
DA:624,0
DA:625,0
DA:626,0
DA:627,0
DA:628,0
DA:629,0
DA:630,0
DA:631,0
DA:632,0
DA:633,0
DA:634,0
DA:635,0
DA:636,0
DA:637,0
DA:638,0
DA:639,0
DA:640,0
DA:641,0
DA:642,0
DA:643,0
DA:644,0
DA:645,0
DA:646,0
DA:647,0
DA:648,0
DA:649,0
DA:652,1
DA:653,0
DA:654,0
DA:655,0
DA:657,0
DA:658,0
DA:661,1
DA:663,0
DA:664,0
DA:666,0
DA:667,0
DA:668,0
DA:669,0
DA:671,0
DA:672,0
DA:673,0
DA:674,0
DA:675,0
DA:676,0
DA:677,0
DA:678,0
DA:679,0
DA:680,0
DA:681,0
DA:682,0
DA:685,1
DA:687,0
DA:688,0
DA:689,0
DA:690,0
DA:691,0
DA:702,0
DA:703,0
DA:704,0
DA:705,0
DA:706,0
DA:707,0
DA:708,0
DA:709,0
DA:710,0
DA:711,0
DA:712,0
DA:713,0
DA:714,0
DA:715,0
DA:716,0
DA:717,0
DA:718,0
DA:721,1
DA:722,0
DA:723,0
DA:724,0
DA:725,0
DA:726,0
DA:727,0
DA:728,0
DA:729,0
DA:730,0
DA:731,0
DA:732,0
DA:735,1
DA:736,0
DA:737,0
DA:738,0
DA:739,0
DA:740,0
DA:741,0
DA:742,0
DA:743,0
DA:744,0
DA:747,1
DA:748,0
DA:749,0
DA:756,0
DA:757,0
DA:758,0
DA:759,0
DA:769,1
DA:771,0
DA:772,0
DA:773,0
DA:774,0
DA:775,0
DA:776,0
DA:777,0
DA:780,1
DA:782,0
DA:783,0
DA:784,0
DA:785,0
DA:786,0
DA:787,0
DA:788,0
DA:789,0
DA:792,1
DA:794,0
DA:795,0
DA:796,0
DA:797,0
DA:798,0
DA:799,0
DA:800,0
DA:803,1
DA:805,0
DA:806,0
DA:807,0
DA:808,0
DA:809,0
DA:810,0
DA:813,1
DA:815,0
DA:816,0
DA:817,0
DA:818,0
DA:819,0
DA:820,0
DA:821,0
DA:822,0
DA:823,0
DA:824,0
DA:827,1
DA:829,0
DA:830,0
DA:831,0
DA:832,0
DA:835,1
DA:837,0
DA:838,0
DA:839,0
DA:840,0
DA:841,0
DA:842,0
DA:843,0
DA:844,0
DA:845,0
DA:846,0
DA:847,0
DA:848,0
DA:849,0
DA:850,0
DA:851,0
DA:852,0
DA:853,0
DA:854,0
DA:855,0
DA:856,0
DA:857,0
DA:869,1
DA:871,0
DA:872,0
DA:873,0
DA:874,0
DA:875,0
DA:876,0
DA:877,0
DA:878,0
DA:879,0
DA:880,0
DA:881,0
DA:882,0
DA:883,0
DA:884,0
DA:885,0
DA:886,0
DA:889,1
DA:891,0
DA:892,0
DA:893,0
DA:894,0
DA:895,0
DA:896,0
DA:897,0
DA:898,0
DA:899,0
DA:900,0
DA:901,0
DA:902,0
DA:903,0
DA:904,0
DA:905,0
DA:906,0
DA:907,0
DA:908,0
DA:909,0
DA:910,0
DA:911,0
DA:914,1
DA:916,0
DA:917,0
DA:918,0
DA:919,0
DA:922,1
DA:924,1
DA:925,0
DA:926,0
DA:929,1
DA:931,0
DA:958,1
DA:960,0
DA:970,1
DA:972,0
DA:991,1
DA:992,1
DA:995,1
DA:997,1
DA:998,0
DA:999,1
DA:1002,1
DA:1004,1
DA:1005,1
DA:1006,1
DA:1007,0
DA:1008,0
DA:1009,1
DA:1010,0
DA:1011,0
DA:1012,0
DA:1013,0
DA:1014,1
DA:1015,1
DA:1016,1
DA:1017,1
DA:1018,1
DA:1019,1
DA:1020,1
DA:1021,1
DA:1022,1
DA:1023,1
DA:1024,1
DA:1025,1
DA:1026,1
DA:1027,1
DA:1028,1
DA:1029,1
DA:1030,1
DA:1031,1
DA:1032,1
DA:1033,1
DA:1034,1
DA:1035,0
DA:1036,0
DA:1037,1
DA:1038,0
DA:1039,0
DA:1040,0
DA:1041,0
DA:1042,0
DA:1043,0
DA:1044,0
DA:1045,0
DA:1046,0
DA:1047,0
DA:1048,0
DA:1049,0
DA:1050,1
DA:1051,0
DA:1052,0
DA:1053,1
DA:1054,1
DA:1055,1
DA:1056,0
DA:1057,0
DA:1058,0
DA:1059,0
DA:1060,0
DA:1061,0
DA:1062,0
DA:1063,0
DA:1064,0
DA:1065,0
DA:1066,0
DA:1067,0
DA:1068,0
DA:1070,0
DA:1072,0
DA:1073,0
DA:1074,0
DA:1075,0
DA:1076,0
DA:1077,0
DA:1078,0
DA:1079,0
DA:1080,0
DA:1081,0
DA:1082,0
DA:1083,0
DA:1085,0
DA:1086,0
DA:1087,0
DA:1088,0
DA:1089,0
DA:1090,0
DA:1091,0
DA:1093,0
DA:1094,0
DA:1095,0
DA:1096,0
DA:1097,0
DA:1098,0
DA:1099,0
DA:1100,0
DA:1101,0
DA:1102,0
DA:1103,0
DA:1104,0
DA:1105,0
DA:1106,0
DA:1107,0
DA:1108,0
DA:1109,0
DA:1110,0
DA:1111,0
DA:1112,0
DA:1113,0
DA:1114,0
DA:1115,0
DA:1116,0
DA:1117,0
DA:1118,0
DA:1119,0
DA:1120,0
DA:1121,0
DA:1122,0
DA:1123,0
DA:1124,0
DA:1125,0
DA:1126,0
DA:1128,0
DA:1129,0
DA:1130,0
DA:1131,0
DA:1133,0
DA:1134,0
DA:1135,0
DA:1136,0
DA:1137,0
DA:1138,0
DA:1139,0
DA:1142,1
DA:1143,0
LF:777
LH:159
FN:37,45,_utf8_stdio
FNDA:1,_utf8_stdio
FN:51,53,note_file_bytes
FNDA:0,note_file_bytes
FN:56,58,note_digest
FNDA:0,note_digest
FN:61,64,leafset_id
FNDA:0,leafset_id
FN:120,129,_tree_dict
FNDA:0,_tree_dict
FN:132,135,dumps_tree
FNDA:0,dumps_tree
FN:138,150,_tree_from_dict
FNDA:0,_tree_from_dict
FN:164,166,loads_tree
FNDA:0,loads_tree
FN:183,187,require_utc
FNDA:0,require_utc
FN:190,199,find_store_parent
FNDA:0,find_store_parent
FN:202,204,is_store
FNDA:0,is_store
FN:207,228,resolve_parent
FNDA:0,resolve_parent
FN:231,239,ensure_store
FNDA:0,ensure_store
FN:242,255,knobs
FNDA:0,knobs
FN:258,265,_ignored_store
FNDA:0,_ignored_store
FN:268,293,catalog_text
FNDA:0,catalog_text
FN:296,308,require_entry
FNDA:0,require_entry
FN:311,314,_replace_bytes
FNDA:0,_replace_bytes
FN:317,319,_seq_prefix
FNDA:0,_seq_prefix
FN:322,331,_parse_nap_stem
FNDA:0,_parse_nap_stem
FN:334,345,_nap_caption
FNDA:0,_nap_caption
FN:348,404,list_view
FNDA:0,list_view
FN:407,409,_note_child
FNDA:0,_note_child
FN:412,419,_digests_of_tree
FNDA:0,_digests_of_tree
FN:422,427,_note_children
FNDA:0,_note_children
FN:430,442,leaf_digests
FNDA:0,leaf_digests
FN:445,449,_nap_stem
FNDA:0,_nap_stem
FN:452,468,rematerialize_child
FNDA:0,rematerialize_child
FN:471,488,_first_overlap
FNDA:0,_first_overlap
FN:491,507,heal_view
FNDA:0,heal_view
FN:510,518,with_store_lock
FNDA:0,with_store_lock
FN:521,531,_as_child
FNDA:0,_as_child
FN:534,541,_unlink_node
FNDA:0,_unlink_node
FN:544,556,_adjacent_nodes
FNDA:0,_adjacent_nodes
FN:559,580,write_nap
FNDA:0,write_nap
FN:583,585,_zoom_note_line
FNDA:0,_zoom_note_line
FN:588,599,_zoom_kids
FNDA:0,_zoom_kids
FN:602,613,_find_in_tree
FNDA:0,_find_in_tree
FN:616,618,_warn_skipped_pack
FNDA:0,_warn_skipped_pack
FN:621,649,zoom_text
FNDA:0,zoom_text
FN:652,658,_collect_ids
FNDA:0,_collect_ids
FN:661,682,named_ids
FNDA:0,named_ids
FN:666,669,named_ids.add
FNDA:0,named_ids.add
FN:685,718,expand_frontier
FNDA:0,expand_frontier
FN:721,732,_prepare_nap
FNDA:0,_prepare_nap
FN:735,744,_split_kids
FNDA:0,_split_kids
FN:747,766,_projected_child
FNDA:0,_projected_child
FN:769,777,write_note
FNDA:0,write_note
FN:780,789,short_id
FNDA:0,short_id
FN:792,800,resolve_id
FNDA:0,resolve_id
FN:803,810,format_wake_line
FNDA:0,format_wake_line
FN:813,824,wake_text
FNDA:0,wake_text
FN:827,832,equal_grain_pair
FNDA:0,equal_grain_pair
FN:835,866,fold_request
FNDA:0,fold_request
FN:869,886,_recall_nested
FNDA:0,_recall_nested
FN:889,911,recall_text
FNDA:0,recall_text
FN:914,919,is_range_token
FNDA:0,is_range_token
FN:922,926,require_python
FNDA:1,require_python
FN:929,955,prompt_text
FNDA:0,prompt_text
FN:958,967,init_text
FNDA:0,init_text
FN:970,988,usage_text
FNDA:0,usage_text
FN:995,999,_cli_argv
FNDA:1,_cli_argv
FN:1002,1139,main
FNDA:1,main
FN:1085,1091,main.nap_locked
FNDA:0,main.nap_locked
FN:1128,1131,main.note_locked
FNDA:0,main.note_locked
FNF:65
FNH:4
end_of_record
